<?xml version="1.0" encoding="UTF-8"?>
<!-- Generated by org.testng.reporters.JUnitReportReporter -->
<testsuite skipped="0" hostname="DESKTOP-F023JSH" name="testNG.TestNG" tests="1" failures="0" timestamp="06 Jul 2019 17:41:08 GMT" time="32.889" errors="0">
  <testcase name="kahaani" time="32.889" classname="testNG.TestNG"/>
</testsuite> <!-- testNG.TestNG -->
