<?xml version="1.0" encoding="UTF-8"?>
<!-- Generated by org.testng.reporters.JUnitReportReporter -->
<testsuite skipped="1" hostname="DESKTOP-F023JSH" name="feature.RunTest" tests="1" failures="0" timestamp="06 Jul 2019 18:06:14 GMT" time="0.748" errors="0">
  <testcase name="runScenario" time="0.748" classname="feature.RunTest">
    <skipped/>
  </testcase> <!-- runScenario -->
</testsuite> <!-- feature.RunTest -->
